Entering manually splut
[0;31m---------------------------------------------------------------------------[0m
[0;31mZeroDivisionError[0m                         Traceback (most recent call last)
File [0;32m~/anaconda3/envs/napari-env/lib/python3.9/site-packages/psygnal/_signal.py:980[0m, in [0;36mSignalInstance._run_emit_loop[0;34m(self=<SignalInstance 'changed' on PushButton(value=False, annotation=None, name='call_button')>, args=(False,))[0m
[1;32m    979[0m [38;5;28;01mtry[39;00m:
[0;32m--> 980[0m     [43mcaller[49m[38;5;241;43m.[39;49m[43mcb[49m[43m([49m[43margs[49m[43m)[49m
        caller [0;34m= <psygnal._weak_callback._StrongFunction object at 0x7f27f41c2910>[0m[0;34m
        [0margs [0;34m= (False,)[0m
[1;32m    981[0m [38;5;28;01mexcept[39;00m [38;5;167;01mException[39;00m [38;5;28;01mas[39;00m e:

File [0;32m~/anaconda3/envs/napari-env/lib/python3.9/site-packages/psygnal/_weak_callback.py:291[0m, in [0;36m_StrongFunction.cb[0;34m(self=<psygnal._weak_callback._StrongFunction object>, args=())[0m
[1;32m    290[0m     args [38;5;241m=[39m args[: [38;5;28mself[39m[38;5;241m.[39m_max_args]
[0;32m--> 291[0m [38;5;28;43mself[39;49m[38;5;241;43m.[39;49m[43m_f[49m[43m([49m[38;5;241;43m*[39;49m[38;5;28;43mself[39;49m[38;5;241;43m.[39;49m[43m_args[49m[43m,[49m[43m [49m[38;5;241;43m*[39;49m[43margs[49m[43m,[49m[43m [49m[38;5;241;43m*[39;49m[38;5;241;43m*[39;49m[38;5;28;43mself[39;49m[38;5;241;43m.[39;49m[43m_kwargs[49m[43m)[49m
        args [0;34m= ()[0m[0;34m
        [0mself._f [0;34m= <function FunctionGui.__init__.<locals>._disable_button_and_call at 0x7f27f41c3790>[0m[0;34m
        [0mself [0;34m= <psygnal._weak_callback._StrongFunction object at 0x7f27f41c2910>[0m[0;34m
        [0mself._args [0;34m= ()[0m[0;34m
        [0mself._kwargs [0;34m= {}[0m

File [0;32m~/anaconda3/envs/napari-env/lib/python3.9/site-packages/magicgui/widgets/_function_gui.py:218[0m, in [0;36mFunctionGui.__init__.<locals>._disable_button_and_call[0;34m()[0m
[1;32m    217[0m [38;5;28;01mtry[39;00m:
[0;32m--> 218[0m     [38;5;28;43mself[39;49m[38;5;241;43m.[39;49m[38;5;21;43m__call__[39;49m[43m([49m[43m)[49m
        self [0;34m= <FunctionGui manually_split_labels(viewer: napari.viewer.Viewer = Viewer(axes=Axes(visible=False, labels=True, colored=True, dashed=False, arrows=True), camera=Camera(center=(0.0, 330.4330388489973, 431.56696115100266), zoom=1.0717667436489606, angles=(0.0, 0.0, 90.0), perspective=0.0, interactive=True), cursor=Cursor(position=(108.3697942891885, 872.4278204722226), scaled=True, size=10, style=<CursorStyle.STANDARD: 'standard'>), dims=Dims(ndim=2, ndisplay=2, last_used=0, range=((0.0, 660.0, 1.0), (0.0, 866.0, 1.0)), current_step=(330, 433), order=(0, 1), axis_labels=('0', '1')), grid=GridCanvas(stride=1, shape=(-1, -1), enabled=False), layers=[<Labels layer 'test1' at 0x7f27f41a9f40>], scale_bar=ScaleBar(visible=False, colored=False, color=<class 'numpy.ndarray'> (4,) float32, ticks=True, position=<Position.BOTTOM_RIGHT: 'bottom_right'>, font_size=10.0, box=False, box_color=<class 'numpy.ndarray'> (4,) float32, unit=None), text_overlay=TextOverlay(visible=False, color=<class 'numpy.ndarray'> (4,) float32, font_size=10.0, position=<TextOverlayPosition.TOP_LEFT: 'top_left'>, text=''), overlays=Overlays(interaction_box=InteractionBox(points=None, show=False, show_handle=False, show_vertices=False, selection_box_drag=None, selection_box_final=None, transform_start=<napari.utils.transforms.transforms.Affine object at 0x7f28383490a0>, transform_drag=<napari.utils.transforms.transforms.Affine object at 0x7f2838349100>, transform_final=<napari.utils.transforms.transforms.Affine object at 0x7f2838349160>, transform=<napari.utils.transforms.transforms.Affine object at 0x7f28383491c0>, allow_new_selection=True, selected_vertex=None)), help='use <1> for activate the label eraser, use <2> for activate the paint brush, use <3> for activate the fill bucket, use <4> for pick mode', status='', tooltip=Tooltip(visible=False, text=''), theme='dark', title='napari', mouse_over_canvas=False, mouse_move_callbacks=[<function InteractionBoxMouseBindings.initialize_mouse_events.<locals>.mouse_move at 0x7f281fb69550>], mouse_drag_callbacks=[<function InteractionBoxMouseBindings.initialize_mouse_events.<locals>.mouse_drag at 0x7f281fb56ee0>], mouse_double_click_callbacks=[], mouse_wheel_callbacks=[<function dims_scroll at 0x7f283839f790>], _persisted_mouse_event={}, _mouse_drag_gen={}, _mouse_wheel_gen={}, keymap={'Shift': <function InteractionBoxMouseBindings.initialize_key_events.<locals>.hold_to_lock_aspect_ratio at 0x7f281fb56790>, 'Control-Shift-R': <function InteractionBoxMouseBindings._reset_active_layer_affine at 0x7f281fbdf0d0>, 'Control-Shift-A': <function InteractionBoxMouseBindings._transform_active_layer at 0x7f281fbdf160>}), labels_layer: napari.layers.labels.labels.Labels = <Labels layer 'test1' at 0x7f27f41a9f40>, points_layer: napari.layers.points.points.Points = None)>[0m
[1;32m    219[0m [38;5;28;01mfinally[39;00m:

File [0;32m~/anaconda3/envs/napari-env/lib/python3.9/site-packages/magicgui/widgets/_function_gui.py:331[0m, in [0;36mFunctionGui.__call__[0;34m(self=<FunctionGui manually_split_labels(viewer: napar...ayer: napari.layers.points.points.Points = None)>, update_widget=False, *args=(), **kwargs={})[0m
[1;32m    330[0m [38;5;28;01mwith[39;00m _function_name_pointing_to_widget([38;5;28mself[39m):
[0;32m--> 331[0m     value [38;5;241m=[39m [38;5;28;43mself[39;49m[38;5;241;43m.[39;49m[43m_function[49m[43m([49m[38;5;241;43m*[39;49m[43mbound[49m[38;5;241;43m.[39;49m[43margs[49m[43m,[49m[43m [49m[38;5;241;43m*[39;49m[38;5;241;43m*[39;49m[43mbound[49m[38;5;241;43m.[39;49m[43mkwargs[49m[43m)[49m
        self [0;34m= <FunctionGui manually_split_labels(viewer: napari.viewer.Viewer = Viewer(axes=Axes(visible=False, labels=True, colored=True, dashed=False, arrows=True), camera=Camera(center=(0.0, 330.4330388489973, 431.56696115100266), zoom=1.0717667436489606, angles=(0.0, 0.0, 90.0), perspective=0.0, interactive=True), cursor=Cursor(position=(108.3697942891885, 872.4278204722226), scaled=True, size=10, style=<CursorStyle.STANDARD: 'standard'>), dims=Dims(ndim=2, ndisplay=2, last_used=0, range=((0.0, 660.0, 1.0), (0.0, 866.0, 1.0)), current_step=(330, 433), order=(0, 1), axis_labels=('0', '1')), grid=GridCanvas(stride=1, shape=(-1, -1), enabled=False), layers=[<Labels layer 'test1' at 0x7f27f41a9f40>], scale_bar=ScaleBar(visible=False, colored=False, color=<class 'numpy.ndarray'> (4,) float32, ticks=True, position=<Position.BOTTOM_RIGHT: 'bottom_right'>, font_size=10.0, box=False, box_color=<class 'numpy.ndarray'> (4,) float32, unit=None), text_overlay=TextOverlay(visible=False, color=<class 'numpy.ndarray'> (4,) float32, font_size=10.0, position=<TextOverlayPosition.TOP_LEFT: 'top_left'>, text=''), overlays=Overlays(interaction_box=InteractionBox(points=None, show=False, show_handle=False, show_vertices=False, selection_box_drag=None, selection_box_final=None, transform_start=<napari.utils.transforms.transforms.Affine object at 0x7f28383490a0>, transform_drag=<napari.utils.transforms.transforms.Affine object at 0x7f2838349100>, transform_final=<napari.utils.transforms.transforms.Affine object at 0x7f2838349160>, transform=<napari.utils.transforms.transforms.Affine object at 0x7f28383491c0>, allow_new_selection=True, selected_vertex=None)), help='use <1> for activate the label eraser, use <2> for activate the paint brush, use <3> for activate the fill bucket, use <4> for pick mode', status='', tooltip=Tooltip(visible=False, text=''), theme='dark', title='napari', mouse_over_canvas=False, mouse_move_callbacks=[<function InteractionBoxMouseBindings.initialize_mouse_events.<locals>.mouse_move at 0x7f281fb69550>], mouse_drag_callbacks=[<function InteractionBoxMouseBindings.initialize_mouse_events.<locals>.mouse_drag at 0x7f281fb56ee0>], mouse_double_click_callbacks=[], mouse_wheel_callbacks=[<function dims_scroll at 0x7f283839f790>], _persisted_mouse_event={}, _mouse_drag_gen={}, _mouse_wheel_gen={}, keymap={'Shift': <function InteractionBoxMouseBindings.initialize_key_events.<locals>.hold_to_lock_aspect_ratio at 0x7f281fb56790>, 'Control-Shift-R': <function InteractionBoxMouseBindings._reset_active_layer_affine at 0x7f281fbdf0d0>, 'Control-Shift-A': <function InteractionBoxMouseBindings._transform_active_layer at 0x7f281fbdf160>}), labels_layer: napari.layers.labels.labels.Labels = <Labels layer 'test1' at 0x7f27f41a9f40>, points_layer: napari.layers.points.points.Points = None)>[0m[0;34m
        [0mbound [0;34m= <BoundArguments (viewer=Viewer(axes=Axes(visible=False, labels=True, colored=True, dashed=False, arrows=True), camera=Camera(center=(0.0, 330.4330388489973, 431.56696115100266), zoom=1.0717667436489606, angles=(0.0, 0.0, 90.0), perspective=0.0, interactive=True), cursor=Cursor(position=(108.3697942891885, 872.4278204722226), scaled=True, size=10, style=<CursorStyle.STANDARD: 'standard'>), dims=Dims(ndim=2, ndisplay=2, last_used=0, range=((0.0, 660.0, 1.0), (0.0, 866.0, 1.0)), current_step=(330, 433), order=(0, 1), axis_labels=('0', '1')), grid=GridCanvas(stride=1, shape=(-1, -1), enabled=False), layers=[<Labels layer 'test1' at 0x7f27f41a9f40>], scale_bar=ScaleBar(visible=False, colored=False, color=<class 'numpy.ndarray'> (4,) float32, ticks=True, position=<Position.BOTTOM_RIGHT: 'bottom_right'>, font_size=10.0, box=False, box_color=<class 'numpy.ndarray'> (4,) float32, unit=None), text_overlay=TextOverlay(visible=False, color=<class 'numpy.ndarray'> (4,) float32, font_size=10.0, position=<TextOverlayPosition.TOP_LEFT: 'top_left'>, text=''), overlays=Overlays(interaction_box=InteractionBox(points=None, show=False, show_handle=False, show_vertices=False, selection_box_drag=None, selection_box_final=None, transform_start=<napari.utils.transforms.transforms.Affine object at 0x7f28383490a0>, transform_drag=<napari.utils.transforms.transforms.Affine object at 0x7f2838349100>, transform_final=<napari.utils.transforms.transforms.Affine object at 0x7f2838349160>, transform=<napari.utils.transforms.transforms.Affine object at 0x7f28383491c0>, allow_new_selection=True, selected_vertex=None)), help='use <1> for activate the label eraser, use <2> for activate the paint brush, use <3> for activate the fill bucket, use <4> for pick mode', status='', tooltip=Tooltip(visible=False, text=''), theme='dark', title='napari', mouse_over_canvas=False, mouse_move_callbacks=[<function InteractionBoxMouseBindings.initialize_mouse_events.<locals>.mouse_move at 0x7f281fb69550>], mouse_drag_callbacks=[<function InteractionBoxMouseBindings.initialize_mouse_events.<locals>.mouse_drag at 0x7f281fb56ee0>], mouse_double_click_callbacks=[], mouse_wheel_callbacks=[<function dims_scroll at 0x7f283839f790>], _persisted_mouse_event={}, _mouse_drag_gen={}, _mouse_wheel_gen={}, keymap={'Shift': <function InteractionBoxMouseBindings.initialize_key_events.<locals>.hold_to_lock_aspect_ratio at 0x7f281fb56790>, 'Control-Shift-R': <function InteractionBoxMouseBindings._reset_active_layer_affine at 0x7f281fbdf0d0>, 'Control-Shift-A': <function InteractionBoxMouseBindings._transform_active_layer at 0x7f281fbdf160>}), labels_layer=<Labels layer 'test1' at 0x7f27f41a9f40>, points_layer=None)>[0m[0;34m
        [0mself._function [0;34m= <function manually_split_labels at 0x7f27f45368b0>[0m
[1;32m    333[0m [38;5;28mself[39m[38;5;241m.[39m_call_count [38;5;241m+[39m[38;5;241m=[39m [38;5;241m1[39m

File [0;32m~/Documents/Python/plugins-napari/napari-segment-update/napari_segment_update/script.py:99[0m, in [0;36mmanually_split_labels[0;34m(viewer=Viewer(axes=Axes(visible=False, labels=True, col...ings._transform_active_layer at 0x7f281fbdf160>}), labels_layer=<Labels layer 'test1'>, points_layer=None)[0m
[1;32m     98[0m [38;5;28mprint[39m([38;5;124m'[39m[38;5;124mEntering manually splut[39m[38;5;124m'[39m)
[0;32m---> 99[0m [38;5;241;43m1[39;49m[38;5;241;43m/[39;49m[38;5;241;43m0[39;49m
[1;32m    100[0m labels [38;5;241m=[39m np[38;5;241m.[39masarray(labels_layer[38;5;241m.[39mdata)

[0;31mZeroDivisionError[0m: division by zero

The above exception was the direct cause of the following exception:

[0;31mEmitLoopError[0m                             Traceback (most recent call last)
File [0;32m~/anaconda3/envs/napari-env/lib/python3.9/site-packages/magicgui/widgets/bases/_value_widget.py:65[0m, in [0;36mValueWidget._on_value_change[0;34m(self=PushButton(value=False, annotation=None, name='call_button'), value=False)[0m
[1;32m     63[0m [38;5;28;01mif[39;00m value [38;5;129;01mis[39;00m [38;5;28mself[39m[38;5;241m.[39mnull_value [38;5;129;01mand[39;00m [38;5;129;01mnot[39;00m [38;5;28mself[39m[38;5;241m.[39m_nullable:
[1;32m     64[0m     [38;5;28;01mreturn[39;00m
[0;32m---> 65[0m [38;5;28;43mself[39;49m[38;5;241;43m.[39;49m[43mchanged[49m[38;5;241;43m.[39;49m[43memit[49m[43m([49m[43mvalue[49m[43m)[49m
        value [0;34m= False[0m[0;34m
        [0mself.changed [0;34m= <SignalInstance 'changed' on PushButton(value=False, annotation=None, name='call_button')>[0m[0;34m
        [0mself [0;34m= PushButton(value=False, annotation=None, name='call_button')[0m

File [0;32m~/anaconda3/envs/napari-env/lib/python3.9/site-packages/psygnal/_signal.py:935[0m, in [0;36mSignalInstance.emit[0;34m(self=<SignalInstance 'changed' on PushButton(value=False, annotation=None, name='call_button')>, check_nargs=False, check_types=False, asynchronous=False, *args=(False,))[0m
[1;32m    932[0m     sd[38;5;241m.[39mstart()
[1;32m    933[0m     [38;5;28;01mreturn[39;00m sd
[0;32m--> 935[0m [38;5;28;43mself[39;49m[38;5;241;43m.[39;49m[43m_run_emit_loop[49m[43m([49m[43margs[49m[43m)[49m
        self [0;34m= <SignalInstance 'changed' on PushButton(value=False, annotation=None, name='call_button')>[0m[0;34m
        [0margs [0;34m= (False,)[0m
[1;32m    936[0m [38;5;28;01mreturn[39;00m [38;5;28;01mNone[39;00m

File [0;32m~/anaconda3/envs/napari-env/lib/python3.9/site-packages/psygnal/_signal.py:982[0m, in [0;36mSignalInstance._run_emit_loop[0;34m(self=<SignalInstance 'changed' on PushButton(value=False, annotation=None, name='call_button')>, args=(False,))[0m
[1;32m    980[0m                 caller[38;5;241m.[39mcb(args)
[1;32m    981[0m             [38;5;28;01mexcept[39;00m [38;5;167;01mException[39;00m [38;5;28;01mas[39;00m e:
[0;32m--> 982[0m                 [38;5;28;01mraise[39;00m EmitLoopError(
        caller [0;34m= <psygnal._weak_callback._StrongFunction object at 0x7f27f41c2910>[0m[0;34m
        [0margs [0;34m= (False,)[0m
[1;32m    983[0m                     slot_repr[38;5;241m=[39m[38;5;28mrepr[39m(caller), args[38;5;241m=[39margs, exc[38;5;241m=[39me
[1;32m    984[0m                 ) [38;5;28;01mfrom[39;00m [38;5;21;01me[39;00m
[1;32m    986[0m [38;5;28;01mreturn[39;00m [38;5;28;01mNone[39;00m

[0;31mEmitLoopError[0m: calling <psygnal._weak_callback._StrongFunction object at 0x7f27f41c2910> with args=(False,) caused ZeroDivisionError: division by zero.
Entering debugger. Type 'q' to return to napari.

> /home/aurelienb/anaconda3/envs/napari-env/lib/python3.9/site-packages/psygnal/_signal.py(982)_run_emit_loop()
-> raise EmitLoopError(
(Pdb) 